<?xml version="1.0" encoding="UTF-8"?>
<!-- Generated by org.testng.reporters.JUnitReportReporter -->
<testsuite hostname="Bhushan-PC" name="com.wbl.API_Automatiom.Twitter" tests="2" failures="0" timestamp="16 Aug 2017 20:00:34 GMT" time="5.196" errors="0">
  <testcase name="getUserSettingsTest" time="4.142" classname="com.wbl.API_Automatiom.Twitter"/>
  <testcase name="postUserSettingsTest" time="1.054" classname="com.wbl.API_Automatiom.Twitter"/>
</testsuite> <!-- com.wbl.API_Automatiom.Twitter -->
