<?xml version="1.0" encoding="UTF-8"?>
<!-- Generated by org.testng.reporters.JUnitReportReporter -->
<testsuite skipped="0" hostname="Bhushan-PC" name="com.wbl.API_Automatiom.TestManager" tests="1" failures="0" timestamp="20 Aug 2017 00:23:40 GMT" time="38.988" errors="0">
  <testcase name="executeTwitterTest" time="38.988" classname="com.wbl.API_Automatiom.TestManager"/>
</testsuite> <!-- com.wbl.API_Automatiom.TestManager -->
